<?xml version="1.0" encoding="UTF-8"?>
<!-- Generated by org.testng.reporters.JUnitReportReporter -->
<testsuite hostname="DESKTOP-QH08G25" name="testng.MultipleTestmethods" tests="11" failures="0" timestamp="21 Dec 2019 08:08:05 GMT" time="0.036" errors="0">
  <testcase name="sweta" time="0.015" classname="testng.MultipleTestmethods"/>
  <testcase name="madhurima" time="0.002" classname="testng.MultipleTestmethods"/>
  <testcase name="madhurima" time="0.003" classname="testng.MultipleTestmethods"/>
  <testcase name="sweta" time="0.002" classname="testng.MultipleTestmethods"/>
  <testcase name="madhusmita" time="0.001" classname="testng.MultipleTestmethods"/>
  <testcase name="madhurima" time="0.001" classname="testng.MultipleTestmethods"/>
  <testcase name="madhusmita" time="0.002" classname="testng.MultipleTestmethods"/>
  <testcase name="sweta" time="0.004" classname="testng.MultipleTestmethods"/>
  <testcase name="sweta" time="0.002" classname="testng.MultipleTestmethods"/>
  <testcase name="sweta" time="0.002" classname="testng.MultipleTestmethods"/>
  <testcase name="madhurima" time="0.002" classname="testng.MultipleTestmethods"/>
</testsuite> <!-- testng.MultipleTestmethods -->
