<?xml version="1.0" encoding="UTF-8"?>
<!-- Generated by org.testng.reporters.JUnitReportReporter -->
<testsuite hostname="DESKTOP-QH08G25" name="testng.DepOnMthds" tests="2" failures="0" timestamp="21 Dec 2019 08:19:50 GMT" time="17.967" errors="0">
  <testcase name="openBrowser" time="13.696" classname="testng.DepOnMthds"/>
  <testcase name="enterURL" time="4.271" classname="testng.DepOnMthds"/>
</testsuite> <!-- testng.DepOnMthds -->
