<?xml version="1.0" encoding="UTF-8"?>
<!-- Generated by org.testng.reporters.JUnitReportReporter -->
<testsuite hostname="DESKTOP-QH08G25" name="testng.TestNGAnnotations" tests="2" failures="0" timestamp="23 Dec 2019 11:50:55 GMT" time="0.031" errors="0">
  <testcase name="b" time="0.015" classname="testng.TestNGAnnotations"/>
  <testcase name="a" time="0.016" classname="testng.TestNGAnnotations"/>
</testsuite> <!-- testng.TestNGAnnotations -->
