<?xml version="1.0" encoding="UTF-8"?>
<!-- Generated by org.testng.reporters.JUnitReportReporter -->
<testsuite hostname="DESKTOP-QH08G25" name="testng.ExcelFileHandling" tests="1" failures="0" timestamp="23 Dec 2019 13:03:17 GMT" time="0.753" errors="0">
  <testcase name="excel" time="0.753" classname="testng.ExcelFileHandling"/>
</testsuite> <!-- testng.ExcelFileHandling -->
