<?xml version="1.0" encoding="UTF-8"?>
<!-- Generated by org.testng.reporters.JUnitReportReporter -->
<testsuite hostname="DESKTOP-QH08G25" name="testng.ExcelWriting" tests="1" failures="0" timestamp="23 Dec 2019 15:51:04 GMT" time="1.008" errors="0">
  <testcase name="write" time="1.008" classname="testng.ExcelWriting"/>
</testsuite> <!-- testng.ExcelWriting -->
