<?xml version="1.0" encoding="UTF-8"?>
<!-- Generated by org.testng.reporters.JUnitReportReporter -->
<testsuite hostname="DESKTOP-QH08G25" name="testng.ExcelFileWrite" tests="1" failures="0" timestamp="24 Dec 2019 06:09:29 GMT" time="1.144" errors="0">
  <testcase name="excel" time="1.144" classname="testng.ExcelFileWrite"/>
</testsuite> <!-- testng.ExcelFileWrite -->
