<?xml version="1.0" encoding="UTF-8"?>
<!-- Generated by org.testng.reporters.JUnitReportReporter -->
<testsuite hostname="DESKTOP-QH08G25" name="test.TESTActitimeLogin" tests="1" failures="0" timestamp="23 Dec 2019 12:14:22 GMT" time="27.721" errors="0">
  <testcase name="login" time="27.721" classname="test.TESTActitimeLogin"/>
</testsuite> <!-- test.TESTActitimeLogin -->
