<?xml version="1.0" encoding="UTF-8"?>
<!-- Generated by org.testng.reporters.JUnitReportReporter -->
<testsuite hostname="DESKTOP-QH08G25" name="test.TESTActitimeWork" tests="1" failures="0" timestamp="23 Dec 2019 12:14:22 GMT" time="48.321" errors="0">
  <testcase name="work" time="48.321" classname="test.TESTActitimeWork"/>
</testsuite> <!-- test.TESTActitimeWork -->
